<?xml version="1.0" encoding="UTF-8"?>
<!-- Generated by org.testng.reporters.JUnitReportReporter -->
<testsuite hostname="DESKTOP-1PIOMMF" failures="0" tests="1" name="TestRunner.RunnerTest" time="7.784" errors="0" timestamp="2023-08-04T12:18:36 IST" skipped="0">
  <testcase classname="TestRunner.RunnerTest" name="runScenario" time="7.784"/>
  <system-out/>
</testsuite> <!-- TestRunner.RunnerTest -->
