<?xml version="1.0" encoding="UTF-8"?>
<!-- Generated by org.testng.reporters.JUnitReportReporter -->
<testsuite hostname="DESKTOP-1PIOMMF" failures="0" tests="2" name="TestRunner.RunnerTest" time="7.173" errors="0" timestamp="2023-08-04T12:59:21 IST" skipped="0">
  <testcase classname="TestRunner.RunnerTest" name="runScenario" time="6.676"/>
  <system-out/>
  <testcase classname="TestRunner.RunnerTest" name="runScenario" time="0.497"/>
  <system-out/>
</testsuite> <!-- TestRunner.RunnerTest -->
